<?xml version="1.0" encoding="UTF-8"?>
<testng-results ignored="0" total="1" passed="1" failed="0" skipped="0">
  <reporter-output>
  </reporter-output>
  <suite started-at="2023-01-01T23:44:38 IST" name="Default suite" finished-at="2023-01-01T23:45:06 IST" duration-ms="27766">
    <groups>
    </groups>
    <test started-at="2023-01-01T23:44:38 IST" name="Default test" finished-at="2023-01-01T23:45:06 IST" duration-ms="27766">
      <class name="MODULE_TEST_01.TEST_01">
        <test-method is-config="true" signature="TC_01()[pri:0, instance:MODULE_TEST_01.TEST_01@2f217633]" started-at="2023-01-01T23:44:38 IST" name="TC_01" finished-at="2023-01-01T23:44:57 IST" duration-ms="18917" status="PASS">
          <reporter-output>
          </reporter-output>
        </test-method> <!-- TC_01 -->
        <test-method signature="TC_02()[pri:0, instance:MODULE_TEST_01.TEST_01@2f217633]" started-at="2023-01-01T23:44:57 IST" name="TC_02" finished-at="2023-01-01T23:45:05 IST" duration-ms="7925" status="PASS">
          <reporter-output>
          </reporter-output>
        </test-method> <!-- TC_02 -->
        <test-method is-config="true" signature="TC_03()[pri:0, instance:MODULE_TEST_01.TEST_01@2f217633]" started-at="2023-01-01T23:45:05 IST" name="TC_03" finished-at="2023-01-01T23:45:06 IST" duration-ms="784" status="PASS">
          <reporter-output>
          </reporter-output>
        </test-method> <!-- TC_03 -->
      </class> <!-- MODULE_TEST_01.TEST_01 -->
    </test> <!-- Default test -->
  </suite> <!-- Default suite -->
</testng-results>
